<?xml version="1.0" encoding="UTF-8"?>
<!-- Generated by org.testng.reporters.JUnitReportReporter -->
<testsuite hostname="Amany-fadool" failures="0" tests="4" name="UiRegressionTests.WebTests.DoctorDashboradTests.SalutaDoctorDashboardTests.EventsTests" time="0.037" errors="1" timestamp="2023-10-03T14:42:17 IDT" skipped="3">
  <testcase classname="UiRegressionTests.WebTests.DoctorDashboradTests.SalutaDoctorDashboardTests.EventsTests" name="setup" time="0.036">
    <error message="org.openqa.selenium.chrome.ChromeDriverService$Builder.getLogOutput(Ljava/lang/String;)Ljava/io/OutputStream;" type="java.lang.NoSuchMethodError">
      <![CDATA[java.lang.NoSuchMethodError: org.openqa.selenium.chrome.ChromeDriverService$Builder.getLogOutput(Ljava/lang/String;)Ljava/io/OutputStream;
at org.openqa.selenium.chrome.ChromeDriverService$Builder.createDriverService(ChromeDriverService.java:356)
at org.openqa.selenium.chrome.ChromeDriverService$Builder.createDriverService(ChromeDriverService.java:160)
at org.openqa.selenium.remote.service.DriverService$Builder.build(DriverService.java:498)
at org.openqa.selenium.chrome.ChromeDriverService.createDefaultService(ChromeDriverService.java:156)
at org.openqa.selenium.chrome.ChromeDriver.<init>(ChromeDriver.java:72)
at UiRegressionTests.ChLoginBaseTest.setup(ChLoginBaseTest.java:23)
at java.base/jdk.internal.reflect.NativeMethodAccessorImpl.invoke0(Native Method)
at java.base/jdk.internal.reflect.NativeMethodAccessorImpl.invoke(NativeMethodAccessorImpl.java:62)
at java.base/jdk.internal.reflect.DelegatingMethodAccessorImpl.invoke(DelegatingMethodAccessorImpl.java:43)
at java.base/java.lang.reflect.Method.invoke(Method.java:566)
at org.testng.internal.invokers.MethodInvocationHelper.invokeMethod(MethodInvocationHelper.java:139)
at org.testng.internal.invokers.MethodInvocationHelper.invokeMethodConsideringTimeout(MethodInvocationHelper.java:69)
at org.testng.internal.invokers.ConfigInvoker.invokeConfigurationMethod(ConfigInvoker.java:361)
at org.testng.internal.invokers.ConfigInvoker.invokeConfigurations(ConfigInvoker.java:296)
at org.testng.internal.invokers.TestInvoker.runConfigMethods(TestInvoker.java:816)
at org.testng.internal.invokers.TestInvoker.invokeMethod(TestInvoker.java:590)
at org.testng.internal.invokers.TestInvoker.invokeTestMethod(TestInvoker.java:221)
at org.testng.internal.invokers.MethodRunner.runInSequence(MethodRunner.java:50)
at org.testng.internal.invokers.TestInvoker$MethodInvocationAgent.invoke(TestInvoker.java:962)
at org.testng.internal.invokers.TestInvoker.invokeTestMethods(TestInvoker.java:194)
at org.testng.internal.invokers.TestMethodWorker.invokeTestMethods(TestMethodWorker.java:148)
at org.testng.internal.invokers.TestMethodWorker.run(TestMethodWorker.java:128)
at java.base/java.util.ArrayList.forEach(ArrayList.java:1541)
at org.testng.TestRunner.privateRun(TestRunner.java:806)
at org.testng.TestRunner.run(TestRunner.java:601)
at org.testng.SuiteRunner.runTest(SuiteRunner.java:433)
at org.testng.SuiteRunner.runSequentially(SuiteRunner.java:427)
at org.testng.SuiteRunner.privateRun(SuiteRunner.java:387)
at org.testng.SuiteRunner.run(SuiteRunner.java:330)
at org.testng.SuiteRunnerWorker.runSuite(SuiteRunnerWorker.java:52)
at org.testng.SuiteRunnerWorker.run(SuiteRunnerWorker.java:95)
at org.testng.TestNG.runSuitesSequentially(TestNG.java:1256)
at org.testng.TestNG.runSuitesLocally(TestNG.java:1176)
at org.testng.TestNG.runSuites(TestNG.java:1099)
at org.testng.TestNG.run(TestNG.java:1067)
at org.apache.maven.surefire.testng.TestNGExecutor.run(TestNGExecutor.java:135)
at org.apache.maven.surefire.testng.TestNGDirectoryTestSuite.executeMulti(TestNGDirectoryTestSuite.java:193)
at org.apache.maven.surefire.testng.TestNGDirectoryTestSuite.execute(TestNGDirectoryTestSuite.java:94)
at org.apache.maven.surefire.testng.TestNGProvider.invoke(TestNGProvider.java:146)
at org.apache.maven.surefire.booter.ForkedBooter.invokeProviderInSameClassLoader(ForkedBooter.java:384)
at org.apache.maven.surefire.booter.ForkedBooter.runSuitesInProcess(ForkedBooter.java:345)
at org.apache.maven.surefire.booter.ForkedBooter.execute(ForkedBooter.java:126)
at org.apache.maven.surefire.booter.ForkedBooter.main(ForkedBooter.java:418)
]]>
    </error>
  </testcase> <!-- setup -->
  <system-out/>
  <testcase classname="UiRegressionTests.WebTests.DoctorDashboradTests.SalutaDoctorDashboardTests.EventsTests" name="shouldVerifyEventValidation" time="0.001">
    <skipped/>
  </testcase> <!-- shouldVerifyEventValidation -->
  <system-out/>
  <testcase classname="UiRegressionTests.WebTests.DoctorDashboradTests.SalutaDoctorDashboardTests.EventsTests" name="shouldVerifyEventStatus" time="0.000">
    <skipped/>
  </testcase> <!-- shouldVerifyEventStatus -->
  <system-out/>
  <testcase classname="UiRegressionTests.WebTests.DoctorDashboradTests.SalutaDoctorDashboardTests.EventsTests" name="shouldVerifyThatTheMonthlyWeeklyAndDailyViewsLookLikeTheyShouldBe" time="0.000">
    <skipped/>
  </testcase> <!-- shouldVerifyThatTheMonthlyWeeklyAndDailyViewsLookLikeTheyShouldBe -->
  <system-out/>
</testsuite> <!-- UiRegressionTests.WebTests.DoctorDashboradTests.SalutaDoctorDashboardTests.EventsTests -->
